<?xml version="1.0" encoding="UTF-8"?>
<testng-results skipped="0" failed="0" ignored="0" total="1" passed="1">
  <reporter-output>
  </reporter-output>
  <suite name="Default suite" duration-ms="38265" started-at="2018-07-25T19:06:21Z" finished-at="2018-07-25T19:06:59Z">
    <groups>
    </groups>
    <test name="Default test" duration-ms="38265" started-at="2018-07-25T19:06:21Z" finished-at="2018-07-25T19:06:59Z">
      <class name="demo.driver">
        <test-method status="PASS" signature="runner()[pri:0, instance:demo.driver@1275dab]" name="runner" duration-ms="38187" started-at="2018-07-25T19:06:21Z" finished-at="2018-07-25T19:06:59Z">
          <reporter-output>
          </reporter-output>
        </test-method> <!-- runner -->
      </class> <!-- demo.driver -->
    </test> <!-- Default test -->
  </suite> <!-- Default suite -->
</testng-results>
